<?xml version="1.0" encoding="UTF-8"?>
<testng-results ignored="0" total="1" passed="1" failed="0" skipped="0">
  <reporter-output>
  </reporter-output>
  <suite started-at="2024-05-21T21:04:26 IST" name="Default suite" finished-at="2024-05-21T21:04:30 IST" duration-ms="3906">
    <groups>
    </groups>
    <test started-at="2024-05-21T21:04:26 IST" name="Default test" finished-at="2024-05-21T21:04:30 IST" duration-ms="3906">
      <class name="restassuredTests.DemoGetRequest">
        <test-method signature="getDogBreedDetails()[pri:0, instance:restassuredTests.DemoGetRequest@57a3af25]" started-at="2024-05-21T21:04:26 IST" name="getDogBreedDetails" finished-at="2024-05-21T21:04:30 IST" duration-ms="3842" status="PASS">
          <reporter-output>
          </reporter-output>
        </test-method> <!-- getDogBreedDetails -->
      </class> <!-- restassuredTests.DemoGetRequest -->
    </test> <!-- Default test -->
  </suite> <!-- Default suite -->
</testng-results>
